

Started GET "/" for ::1 at 2015-02-05 23:32:49 +1100
Processing by PagesController#home as HTML
  Rendered pages/home.haml (35.6ms)
Completed 200 OK in 583ms (Views: 434.2ms | ActiveRecord: 0.0ms)


Started GET "/" for ::1 at 2015-02-05 23:50:15 +1100
Processing by PagesController#home as HTML
  Rendered pages/home.haml (1.2ms)
Completed 200 OK in 74ms (Views: 47.8ms | ActiveRecord: 0.0ms)


Started GET "/" for ::1 at 2015-02-05 23:50:22 +1100
Processing by PagesController#home as HTML
  Rendered pages/home.haml (0.1ms)
Completed 200 OK in 34ms (Views: 32.5ms | ActiveRecord: 0.0ms)


Started GET "/" for ::1 at 2015-02-05 23:50:31 +1100
Processing by PagesController#home as HTML
  Rendered pages/home.haml (0.1ms)
Completed 200 OK in 67ms (Views: 65.4ms | ActiveRecord: 0.0ms)


Started GET "/" for ::1 at 2015-02-05 23:50:33 +1100
Processing by PagesController#home as HTML
  Rendered pages/home.haml (0.1ms)
Completed 200 OK in 9ms (Views: 2.7ms | ActiveRecord: 0.0ms)


Started GET "/" for ::1 at 2015-02-05 23:50:34 +1100
Processing by PagesController#home as HTML
  Rendered pages/home.haml (0.1ms)
Completed 200 OK in 17ms (Views: 13.6ms | ActiveRecord: 0.0ms)


Started GET "/" for ::1 at 2015-02-05 23:53:33 +1100
Processing by PagesController#home as HTML
  Rendered pages/home.haml (12.8ms)
Completed 200 OK in 163ms (Views: 143.0ms | ActiveRecord: 0.0ms)


Started GET "/" for ::1 at 2015-02-05 23:53:36 +1100
Processing by PagesController#home as HTML
  Rendered pages/home.haml (0.1ms)
Completed 200 OK in 7ms (Views: 5.4ms | ActiveRecord: 0.0ms)
  [1m[36m (350.1ms)[0m  [1mCREATE TABLE "schema_migrations" ("version" character varying NOT NULL) [0m
  [1m[35m (16.6ms)[0m  CREATE UNIQUE INDEX  "unique_schema_migrations" ON "schema_migrations"  ("version")
  [1m[36mActiveRecord::SchemaMigration Load (1.1ms)[0m  [1mSELECT "schema_migrations".* FROM "schema_migrations"[0m
Migrating to CreateUsers (20150207010853)
  [1m[35m (21.3ms)[0m  BEGIN
DEPRECATION WARNING: `#timestamp` was called without specifying an option for `null`. In Rails 5, this behavior will change to `null: false`. You should manually specify `null: true` to prevent the behavior of your existing migrations from changing. (called from block in change at /Users/liamdarmody/Projects/wdi/homework/liam/projects/thepledge/db/migrate/20150207010853_create_users.rb:8)
  [1m[36m (149.9ms)[0m  [1mCREATE TABLE "users" ("id" serial primary key, "name" character varying, "email" character varying, "profile_image" text, "password_digest" character varying, "created_at" timestamp, "updated_at" timestamp) [0m
  [1m[35mSQL (29.8ms)[0m  INSERT INTO "schema_migrations" ("version") VALUES ($1)  [["version", "20150207010853"]]
  [1m[36m (1.2ms)[0m  [1mCOMMIT[0m
  [1m[35mActiveRecord::SchemaMigration Load (0.3ms)[0m  SELECT "schema_migrations".* FROM "schema_migrations"
  [1m[36m (5.8ms)[0m  [1mSELECT t2.oid::regclass::text AS to_table, a1.attname AS column, a2.attname AS primary_key, c.conname AS name, c.confupdtype AS on_update, c.confdeltype AS on_delete
FROM pg_constraint c
JOIN pg_class t1 ON c.conrelid = t1.oid
JOIN pg_class t2 ON c.confrelid = t2.oid
JOIN pg_attribute a1 ON a1.attnum = c.conkey[1] AND a1.attrelid = t1.oid
JOIN pg_attribute a2 ON a2.attnum = c.confkey[1] AND a2.attrelid = t2.oid
JOIN pg_namespace t3 ON c.connamespace = t3.oid
WHERE c.contype = 'f'
  AND t1.relname = 'users'
  AND t3.nspname = ANY (current_schemas(false))
ORDER BY c.conname
[0m
  [1m[36mActiveRecord::SchemaMigration Load (0.5ms)[0m  [1mSELECT "schema_migrations".* FROM "schema_migrations"[0m
Migrating to CreateChallenges (20150207012304)
  [1m[35m (0.4ms)[0m  BEGIN
DEPRECATION WARNING: `#timestamp` was called without specifying an option for `null`. In Rails 5, this behavior will change to `null: false`. You should manually specify `null: true` to prevent the behavior of your existing migrations from changing. (called from block in change at /Users/liamdarmody/Projects/wdi/homework/liam/projects/thepledge/db/migrate/20150207012304_create_challenges.rb:17)
  [1m[36m (9.5ms)[0m  [1mCREATE TABLE "challenges" ("id" serial primary key, "title" character varying, "description" character varying, "nominee_name" character varying, "nominee_email" character varying, "banner_image" text, "cause" character varying, "target" character varying, "published" boolean, "end_date" date, "accepted_date" date, "completed_date" date, "donated_date" date, "user_id" integer, "created_at" timestamp, "updated_at" timestamp) [0m
  [1m[35mSQL (54.7ms)[0m  INSERT INTO "schema_migrations" ("version") VALUES ($1)  [["version", "20150207012304"]]
  [1m[36m (1.5ms)[0m  [1mCOMMIT[0m
  [1m[35mActiveRecord::SchemaMigration Load (0.3ms)[0m  SELECT "schema_migrations".* FROM "schema_migrations"
  [1m[36m (3.7ms)[0m  [1mSELECT t2.oid::regclass::text AS to_table, a1.attname AS column, a2.attname AS primary_key, c.conname AS name, c.confupdtype AS on_update, c.confdeltype AS on_delete
FROM pg_constraint c
JOIN pg_class t1 ON c.conrelid = t1.oid
JOIN pg_class t2 ON c.confrelid = t2.oid
JOIN pg_attribute a1 ON a1.attnum = c.conkey[1] AND a1.attrelid = t1.oid
JOIN pg_attribute a2 ON a2.attnum = c.confkey[1] AND a2.attrelid = t2.oid
JOIN pg_namespace t3 ON c.connamespace = t3.oid
WHERE c.contype = 'f'
  AND t1.relname = 'challenges'
  AND t3.nspname = ANY (current_schemas(false))
ORDER BY c.conname
[0m
  [1m[35m (3.3ms)[0m  SELECT t2.oid::regclass::text AS to_table, a1.attname AS column, a2.attname AS primary_key, c.conname AS name, c.confupdtype AS on_update, c.confdeltype AS on_delete
FROM pg_constraint c
JOIN pg_class t1 ON c.conrelid = t1.oid
JOIN pg_class t2 ON c.confrelid = t2.oid
JOIN pg_attribute a1 ON a1.attnum = c.conkey[1] AND a1.attrelid = t1.oid
JOIN pg_attribute a2 ON a2.attnum = c.confkey[1] AND a2.attrelid = t2.oid
JOIN pg_namespace t3 ON c.connamespace = t3.oid
WHERE c.contype = 'f'
  AND t1.relname = 'users'
  AND t3.nspname = ANY (current_schemas(false))
ORDER BY c.conname

  [1m[36mActiveRecord::SchemaMigration Load (0.6ms)[0m  [1mSELECT "schema_migrations".* FROM "schema_migrations"[0m
Migrating to CreatePledges (20150207013828)
  [1m[35m (0.2ms)[0m  BEGIN
DEPRECATION WARNING: `#timestamp` was called without specifying an option for `null`. In Rails 5, this behavior will change to `null: false`. You should manually specify `null: true` to prevent the behavior of your existing migrations from changing. (called from block in change at /Users/liamdarmody/Projects/wdi/homework/liam/projects/thepledge/db/migrate/20150207013828_create_pledges.rb:8)
  [1m[36m (16.5ms)[0m  [1mCREATE TABLE "pledges" ("id" serial primary key, "amount" integer, "reason" character varying, "user_id" integer, "challenge_id" integer, "created_at" timestamp, "updated_at" timestamp) [0m
  [1m[35mSQL (0.3ms)[0m  INSERT INTO "schema_migrations" ("version") VALUES ($1)  [["version", "20150207013828"]]
  [1m[36m (1.5ms)[0m  [1mCOMMIT[0m
  [1m[35mActiveRecord::SchemaMigration Load (0.3ms)[0m  SELECT "schema_migrations".* FROM "schema_migrations"
  [1m[36m (4.6ms)[0m  [1mSELECT t2.oid::regclass::text AS to_table, a1.attname AS column, a2.attname AS primary_key, c.conname AS name, c.confupdtype AS on_update, c.confdeltype AS on_delete
FROM pg_constraint c
JOIN pg_class t1 ON c.conrelid = t1.oid
JOIN pg_class t2 ON c.confrelid = t2.oid
JOIN pg_attribute a1 ON a1.attnum = c.conkey[1] AND a1.attrelid = t1.oid
JOIN pg_attribute a2 ON a2.attnum = c.confkey[1] AND a2.attrelid = t2.oid
JOIN pg_namespace t3 ON c.connamespace = t3.oid
WHERE c.contype = 'f'
  AND t1.relname = 'challenges'
  AND t3.nspname = ANY (current_schemas(false))
ORDER BY c.conname
[0m
  [1m[35m (4.1ms)[0m  SELECT t2.oid::regclass::text AS to_table, a1.attname AS column, a2.attname AS primary_key, c.conname AS name, c.confupdtype AS on_update, c.confdeltype AS on_delete
FROM pg_constraint c
JOIN pg_class t1 ON c.conrelid = t1.oid
JOIN pg_class t2 ON c.confrelid = t2.oid
JOIN pg_attribute a1 ON a1.attnum = c.conkey[1] AND a1.attrelid = t1.oid
JOIN pg_attribute a2 ON a2.attnum = c.confkey[1] AND a2.attrelid = t2.oid
JOIN pg_namespace t3 ON c.connamespace = t3.oid
WHERE c.contype = 'f'
  AND t1.relname = 'pledges'
  AND t3.nspname = ANY (current_schemas(false))
ORDER BY c.conname

  [1m[36m (4.7ms)[0m  [1mSELECT t2.oid::regclass::text AS to_table, a1.attname AS column, a2.attname AS primary_key, c.conname AS name, c.confupdtype AS on_update, c.confdeltype AS on_delete
FROM pg_constraint c
JOIN pg_class t1 ON c.conrelid = t1.oid
JOIN pg_class t2 ON c.confrelid = t2.oid
JOIN pg_attribute a1 ON a1.attnum = c.conkey[1] AND a1.attrelid = t1.oid
JOIN pg_attribute a2 ON a2.attnum = c.confkey[1] AND a2.attrelid = t2.oid
JOIN pg_namespace t3 ON c.connamespace = t3.oid
WHERE c.contype = 'f'
  AND t1.relname = 'users'
  AND t3.nspname = ANY (current_schemas(false))
ORDER BY c.conname
[0m
  [1m[36mActiveRecord::SchemaMigration Load (0.7ms)[0m  [1mSELECT "schema_migrations".* FROM "schema_migrations"[0m
  [1m[35mUser Load (10.8ms)[0m  SELECT "users".* FROM "users"
  [1m[36mChallenge Load (22.7ms)[0m  [1mSELECT "challenges".* FROM "challenges"[0m
  [1m[35mPledge Load (16.0ms)[0m  SELECT "pledges".* FROM "pledges"
  [1m[36mActiveRecord::SchemaMigration Load (0.7ms)[0m  [1mSELECT "schema_migrations".* FROM "schema_migrations"[0m
  [1m[35mUser Load (0.7ms)[0m  SELECT "users".* FROM "users"
  [1m[36mChallenge Load (1.0ms)[0m  [1mSELECT "challenges".* FROM "challenges"[0m
  [1m[35mPledge Load (0.8ms)[0m  SELECT "pledges".* FROM "pledges"
  [1m[36m (26.7ms)[0m  [1mBEGIN[0m
  [1m[35mSQL (63.6ms)[0m  INSERT INTO "users" ("name", "email", "password_digest", "created_at", "updated_at") VALUES ($1, $2, $3, $4, $5) RETURNING "id"  [["name", "Liam"], ["email", "liamdarmody@gmail.com"], ["password_digest", "$2a$10$Lx3kdeYD5RB7EOUCR3EnWeXaBRgB08nii0asU5uVtj1mPD5yC9mR2"], ["created_at", "2015-02-07 03:01:26.773013"], ["updated_at", "2015-02-07 03:01:26.773013"]]
  [1m[36m (36.8ms)[0m  [1mCOMMIT[0m
  [1m[35m (0.2ms)[0m  BEGIN
  [1m[36mSQL (0.3ms)[0m  [1mINSERT INTO "users" ("name", "email", "password_digest", "created_at", "updated_at") VALUES ($1, $2, $3, $4, $5) RETURNING "id"[0m  [["name", "Joel"], ["email", "joel@joel.com"], ["password_digest", "$2a$10$K75xueZ728FTMIDWqyfWkut36aZA2E33HTDnVxd9we8xrUqkkrg3i"], ["created_at", "2015-02-07 03:01:27.064115"], ["updated_at", "2015-02-07 03:01:27.064115"]]
  [1m[35m (0.7ms)[0m  COMMIT
  [1m[36m (0.3ms)[0m  [1mBEGIN[0m
  [1m[35mSQL (0.4ms)[0m  INSERT INTO "users" ("name", "email", "password_digest", "created_at", "updated_at") VALUES ($1, $2, $3, $4, $5) RETURNING "id"  [["name", "John"], ["email", "john@john.com"], ["password_digest", "$2a$10$xculF8fDdi2RKJyJt42O1eLDGjtEG4EBMhLFmCQQv53SlKrnkCYNa"], ["created_at", "2015-02-07 03:01:27.138401"], ["updated_at", "2015-02-07 03:01:27.138401"]]
  [1m[36m (0.8ms)[0m  [1mCOMMIT[0m
  [1m[35m (0.2ms)[0m  BEGIN
  [1m[36mSQL (16.7ms)[0m  [1mINSERT INTO "challenges" ("title", "description", "nominee_name", "nominee_email", "banner_image", "cause", "target", "published", "created_at", "updated_at") VALUES ($1, $2, $3, $4, $5, $6, $7, $8, $9, $10) RETURNING "id"[0m  [["title", "Air Guitar Challenge"], ["description", "The air guitar challenge is a fundraising activity involving filming your best air guitar rendition and uploading it to youtube/ facebook to encourage donations for a worthy cause. Don’t be shy, give us your most rocking performance and tell us why you think this is a worthy cause! Once you’ve completed the activity, feel free to invite others to accept the challenge!"], ["nominee_name", "Joel Turnbull"], ["nominee_email", "joel@joel.com"], ["banner_image", "http://3.bp.blogspot.com/_UgJT7XB2G0Y/S9yVCSbPB5I/AAAAAAAANQo/6IE2tnl9QUY/s1600/family+guy5+800x600.jpg"], ["cause", "Code Club Australia"], ["target", "500"], ["published", "t"], ["created_at", "2015-02-07 03:01:27.156691"], ["updated_at", "2015-02-07 03:01:27.156691"]]
  [1m[35m (0.7ms)[0m  COMMIT
  [1m[36m (0.2ms)[0m  [1mBEGIN[0m
  [1m[35mSQL (0.5ms)[0m  INSERT INTO "pledges" ("amount", "reason", "created_at", "updated_at") VALUES ($1, $2, $3, $4) RETURNING "id"  [["amount", 50], ["reason", "To see Joel do air guitar."], ["created_at", "2015-02-07 03:01:27.194105"], ["updated_at", "2015-02-07 03:01:27.194105"]]
  [1m[36m (0.7ms)[0m  [1mCOMMIT[0m
  [1m[36mActiveRecord::SchemaMigration Load (0.5ms)[0m  [1mSELECT "schema_migrations".* FROM "schema_migrations"[0m
  [1m[35mUser Load (0.7ms)[0m  SELECT "users".* FROM "users"
  [1m[36m (0.2ms)[0m  [1mBEGIN[0m
  [1m[35mSQL (0.6ms)[0m  DELETE FROM "users" WHERE "users"."id" = $1  [["id", 1]]
  [1m[36m (0.6ms)[0m  [1mCOMMIT[0m
  [1m[35m (0.1ms)[0m  BEGIN
  [1m[36mSQL (0.3ms)[0m  [1mDELETE FROM "users" WHERE "users"."id" = $1[0m  [["id", 2]]
  [1m[35m (0.7ms)[0m  COMMIT
  [1m[36m (0.2ms)[0m  [1mBEGIN[0m
  [1m[35mSQL (0.4ms)[0m  DELETE FROM "users" WHERE "users"."id" = $1  [["id", 3]]
  [1m[36m (0.7ms)[0m  [1mCOMMIT[0m
  [1m[35mChallenge Load (0.7ms)[0m  SELECT "challenges".* FROM "challenges"
  [1m[36m (0.4ms)[0m  [1mBEGIN[0m
  [1m[35mSQL (0.3ms)[0m  DELETE FROM "challenges" WHERE "challenges"."id" = $1  [["id", 1]]
  [1m[36m (0.7ms)[0m  [1mCOMMIT[0m
  [1m[35mPledge Load (0.6ms)[0m  SELECT "pledges".* FROM "pledges"
  [1m[36m (0.2ms)[0m  [1mBEGIN[0m
  [1m[35mSQL (0.3ms)[0m  DELETE FROM "pledges" WHERE "pledges"."id" = $1  [["id", 1]]
  [1m[36m (0.6ms)[0m  [1mCOMMIT[0m
  [1m[35m (0.2ms)[0m  BEGIN
  [1m[36mSQL (0.4ms)[0m  [1mINSERT INTO "users" ("name", "email", "password_digest", "created_at", "updated_at") VALUES ($1, $2, $3, $4, $5) RETURNING "id"[0m  [["name", "Liam"], ["email", "liamdarmody@gmail.com"], ["password_digest", "$2a$10$jHxk1Pa7xc1v0oqrFmbdKeFtWIWLE16J2oQ.kYtxuOxdoa9AE/kjO"], ["created_at", "2015-02-07 03:05:05.844706"], ["updated_at", "2015-02-07 03:05:05.844706"]]
  [1m[35m (0.7ms)[0m  COMMIT
  [1m[36m (0.3ms)[0m  [1mBEGIN[0m
  [1m[35mSQL (0.5ms)[0m  INSERT INTO "users" ("name", "email", "password_digest", "created_at", "updated_at") VALUES ($1, $2, $3, $4, $5) RETURNING "id"  [["name", "Joel"], ["email", "joel@joel.com"], ["password_digest", "$2a$10$QNmDq97QDoC50aNaVc8.f.V2jCBKgQGVJOYBXG2RwUQAP5CXJnArq"], ["created_at", "2015-02-07 03:05:05.916420"], ["updated_at", "2015-02-07 03:05:05.916420"]]
  [1m[36m (0.8ms)[0m  [1mCOMMIT[0m
  [1m[35m (0.2ms)[0m  BEGIN
  [1m[36mSQL (0.4ms)[0m  [1mINSERT INTO "users" ("name", "email", "password_digest", "created_at", "updated_at") VALUES ($1, $2, $3, $4, $5) RETURNING "id"[0m  [["name", "John"], ["email", "john@john.com"], ["password_digest", "$2a$10$FYMdRR1UV2fvA179ut87O.rmO29yPYhRrF7biFlGrN9yASZ2aFbCW"], ["created_at", "2015-02-07 03:05:05.986444"], ["updated_at", "2015-02-07 03:05:05.986444"]]
  [1m[35m (0.6ms)[0m  COMMIT
  [1m[36m (0.1ms)[0m  [1mBEGIN[0m
  [1m[35mSQL (0.4ms)[0m  INSERT INTO "challenges" ("title", "description", "nominee_name", "nominee_email", "banner_image", "cause", "target", "published", "created_at", "updated_at") VALUES ($1, $2, $3, $4, $5, $6, $7, $8, $9, $10) RETURNING "id"  [["title", "Air Guitar Challenge"], ["description", "The air guitar challenge is a fundraising activity involving filming your best air guitar rendition and uploading it to youtube/ facebook to encourage donations for a worthy cause. Don’t be shy, give us your most rocking performance and tell us why you think this is a worthy cause! Once you’ve completed the activity, feel free to invite others to accept the challenge!"], ["nominee_name", "Joel Turnbull"], ["nominee_email", "joel@joel.com"], ["banner_image", "http://3.bp.blogspot.com/_UgJT7XB2G0Y/S9yVCSbPB5I/AAAAAAAANQo/6IE2tnl9QUY/s1600/family+guy5+800x600.jpg"], ["cause", "Code Club Australia"], ["target", "500"], ["published", "t"], ["created_at", "2015-02-07 03:05:05.992731"], ["updated_at", "2015-02-07 03:05:05.992731"]]
  [1m[36m (0.7ms)[0m  [1mCOMMIT[0m
  [1m[35m (0.2ms)[0m  BEGIN
  [1m[36mSQL (0.4ms)[0m  [1mINSERT INTO "pledges" ("amount", "reason", "created_at", "updated_at") VALUES ($1, $2, $3, $4) RETURNING "id"[0m  [["amount", 50], ["reason", "To see Joel do air guitar."], ["created_at", "2015-02-07 03:05:05.999461"], ["updated_at", "2015-02-07 03:05:05.999461"]]
  [1m[35m (0.7ms)[0m  COMMIT
  [1m[36m (0.2ms)[0m  [1mBEGIN[0m
  [1m[35mSQL (19.5ms)[0m  UPDATE "challenges" SET "user_id" = $1, "updated_at" = $2 WHERE "challenges"."id" = $3  [["user_id", 4], ["updated_at", "2015-02-07 03:05:06.005237"], ["id", 2]]
  [1m[36m (0.7ms)[0m  [1mCOMMIT[0m
  [1m[35m (0.2ms)[0m  BEGIN
  [1m[36mSQL (0.5ms)[0m  [1mUPDATE "pledges" SET "user_id" = $1, "updated_at" = $2 WHERE "pledges"."id" = $3[0m  [["user_id", 4], ["updated_at", "2015-02-07 03:05:06.053748"], ["id", 2]]
  [1m[35m (0.6ms)[0m  COMMIT
  [1m[36m (0.2ms)[0m  [1mBEGIN[0m
  [1m[35mSQL (0.3ms)[0m  UPDATE "pledges" SET "challenge_id" = $1, "updated_at" = $2 WHERE "pledges"."id" = $3  [["challenge_id", 2], ["updated_at", "2015-02-07 03:05:06.060686"], ["id", 2]]
  [1m[36m (0.5ms)[0m  [1mCOMMIT[0m
  [1m[36mUser Load (0.8ms)[0m  [1mSELECT "users".* FROM "users"[0m
  [1m[35mChallenge Load (0.8ms)[0m  SELECT "challenges".* FROM "challenges"
  [1m[36mPledge Load (0.7ms)[0m  [1mSELECT "pledges".* FROM "pledges"[0m
